2025-06-10T04:49:52.623-05:00  INFO 10300 --- [integradorspringboot] [main] c.u.i.IntegradorspringbootApplication    : Starting IntegradorspringbootApplication using Java 21.0.6 with PID 10300 (C:\Users\user\Documents\NetBeansProjects\integradorspringboot\target\classes started by user in C:\Users\user\Documents\NetBeansProjects\integradorspringboot)
2025-06-10T04:49:52.633-05:00  INFO 10300 --- [integradorspringboot] [main] c.u.i.IntegradorspringbootApplication    : No active profile set, falling back to 1 default profile: "default"
2025-06-10T04:49:53.419-05:00  INFO 10300 --- [integradorspringboot] [main] .s.d.r.c.RepositoryConfigurationDelegate : Bootstrapping Spring Data JPA repositories in DEFAULT mode.
2025-06-10T04:49:53.496-05:00  INFO 10300 --- [integradorspringboot] [main] .s.d.r.c.RepositoryConfigurationDelegate : Finished Spring Data repository scanning in 62 ms. Found 5 JPA repository interfaces.
2025-06-10T04:49:53.993-05:00  INFO 10300 --- [integradorspringboot] [main] o.s.b.w.embedded.tomcat.TomcatWebServer  : Tomcat initialized with port 8081 (http)
2025-06-10T04:49:54.008-05:00  INFO 10300 --- [integradorspringboot] [main] o.apache.catalina.core.StandardService   : Starting service [Tomcat]
2025-06-10T04:49:54.008-05:00  INFO 10300 --- [integradorspringboot] [main] o.apache.catalina.core.StandardEngine    : Starting Servlet engine: [Apache Tomcat/10.1.20]
2025-06-10T04:49:54.055-05:00  INFO 10300 --- [integradorspringboot] [main] o.a.c.c.C.[Tomcat].[localhost].[/]       : Initializing Spring embedded WebApplicationContext
2025-06-10T04:49:54.056-05:00  INFO 10300 --- [integradorspringboot] [main] w.s.c.ServletWebServerApplicationContext : Root WebApplicationContext: initialization completed in 1206 ms
2025-06-10T04:49:54.196-05:00  INFO 10300 --- [integradorspringboot] [main] o.hibernate.jpa.internal.util.LogHelper  : HHH000204: Processing PersistenceUnitInfo [name: default]
2025-06-10T04:49:54.257-05:00  INFO 10300 --- [integradorspringboot] [main] org.hibernate.Version                    : HHH000412: Hibernate ORM core version 6.4.4.Final
2025-06-10T04:49:54.293-05:00  INFO 10300 --- [integradorspringboot] [main] o.h.c.internal.RegionFactoryInitiator    : HHH000026: Second-level cache disabled
2025-06-10T04:49:54.485-05:00  INFO 10300 --- [integradorspringboot] [main] o.s.o.j.p.SpringPersistenceUnitInfo      : No LoadTimeWeaver setup: ignoring JPA class transformer
2025-06-10T04:49:54.510-05:00  INFO 10300 --- [integradorspringboot] [main] com.zaxxer.hikari.HikariDataSource       : HikariPool-1 - Starting...
2025-06-10T04:49:54.640-05:00  INFO 10300 --- [integradorspringboot] [main] com.zaxxer.hikari.pool.HikariPool        : HikariPool-1 - Added connection com.mysql.cj.jdbc.ConnectionImpl@4f402027
2025-06-10T04:49:54.641-05:00  INFO 10300 --- [integradorspringboot] [main] com.zaxxer.hikari.HikariDataSource       : HikariPool-1 - Start completed.
2025-06-10T04:49:54.683-05:00  WARN 10300 --- [integradorspringboot] [main] org.hibernate.dialect.Dialect            : HHH000511: The 5.5.0 version for [org.hibernate.dialect.MySQLDialect] is no longer supported, hence certain features may not work properly. The minimum supported version is 8.0.0. Check the community dialects project for available legacy versions.
2025-06-10T04:49:55.257-05:00  INFO 10300 --- [integradorspringboot] [main] o.h.e.t.j.p.i.JtaPlatformInitiator       : HHH000489: No JTA platform available (set 'hibernate.transaction.jta.platform' to enable JTA platform integration)
2025-06-10T04:49:55.259-05:00  INFO 10300 --- [integradorspringboot] [main] j.LocalContainerEntityManagerFactoryBean : Initialized JPA EntityManagerFactory for persistence unit 'default'
2025-06-10T04:49:55.264-05:00  INFO 10300 --- [integradorspringboot] [main] f.a.AutowiredAnnotationBeanPostProcessor : Autowired annotation should only be used on methods with parameters: public java.lang.String com.utp.integradorspringboot.AlumnosController.page()
2025-06-10T04:49:55.563-05:00  INFO 10300 --- [integradorspringboot] [main] f.a.AutowiredAnnotationBeanPostProcessor : Autowired annotation should only be used on methods with parameters: public java.lang.String com.utp.integradorspringboot.ClientesController.page()
2025-06-10T04:49:55.592-05:00  INFO 10300 --- [integradorspringboot] [main] f.a.AutowiredAnnotationBeanPostProcessor : Autowired annotation should only be used on methods with parameters: public java.lang.String com.utp.integradorspringboot.PersonasController.page()
2025-06-10T04:49:55.594-05:00  INFO 10300 --- [integradorspringboot] [main] f.a.AutowiredAnnotationBeanPostProcessor : Autowired annotation should only be used on methods with parameters: public java.lang.String com.utp.integradorspringboot.ProfesoresController.page()
2025-06-10T04:49:55.595-05:00  INFO 10300 --- [integradorspringboot] [main] f.a.AutowiredAnnotationBeanPostProcessor : Autowired annotation should only be used on methods with parameters: public java.lang.String com.utp.integradorspringboot.SedesController.page()
2025-06-10T04:49:55.636-05:00  WARN 10300 --- [integradorspringboot] [main] JpaBaseConfiguration$JpaWebConfiguration : spring.jpa.open-in-view is enabled by default. Therefore, database queries may be performed during view rendering. Explicitly configure spring.jpa.open-in-view to disable this warning
2025-06-10T04:49:55.656-05:00  INFO 10300 --- [integradorspringboot] [main] o.s.b.a.w.s.WelcomePageHandlerMapping    : Adding welcome page: class path resource [static/index.html]
2025-06-10T04:49:56.022-05:00  INFO 10300 --- [integradorspringboot] [main] o.s.b.w.embedded.tomcat.TomcatWebServer  : Tomcat started on port 8081 (http) with context path ''
2025-06-10T04:49:56.029-05:00  INFO 10300 --- [integradorspringboot] [main] c.u.i.IntegradorspringbootApplication    : Started IntegradorspringbootApplication in 3.755 seconds (process running for 4.031)
2025-06-10T04:50:04.493-05:00  INFO 10300 --- [integradorspringboot] [http-nio-8081-exec-1] o.a.c.c.C.[Tomcat].[localhost].[/]       : Initializing Spring DispatcherServlet 'dispatcherServlet'
2025-06-10T04:50:04.493-05:00  INFO 10300 --- [integradorspringboot] [http-nio-8081-exec-1] o.s.web.servlet.DispatcherServlet        : Initializing Servlet 'dispatcherServlet'
2025-06-10T04:50:04.495-05:00  INFO 10300 --- [integradorspringboot] [http-nio-8081-exec-1] o.s.web.servlet.DispatcherServlet        : Completed initialization in 2 ms
2025-06-10T04:50:19.109-05:00  WARN 10300 --- [integradorspringboot] [http-nio-8081-exec-1] n.n.u.t.e.ExpressionProcessor            : Fragment expression "_layout" is being wrapped as a Thymeleaf 3 fragment expression (~{...}) for backwards compatibility purposes.  This wrapping will be dropped in the next major version of the expression processor, so please rewrite as a Thymeleaf 3 fragment expression to future-proof your code.  See https://github.com/thymeleaf/thymeleaf/issues/451 for more information.
2025-06-10T04:51:09.170-05:00  INFO 26828 --- [integradorspringboot] [main] c.u.i.IntegradorspringbootApplication    : Starting IntegradorspringbootApplication using Java 21.0.6 with PID 26828 (C:\Users\user\Documents\NetBeansProjects\integradorspringboot\target\classes started by user in C:\Users\user\Documents\NetBeansProjects\integradorspringboot)
2025-06-10T04:51:09.173-05:00  INFO 26828 --- [integradorspringboot] [main] c.u.i.IntegradorspringbootApplication    : No active profile set, falling back to 1 default profile: "default"
2025-06-10T04:51:09.966-05:00  INFO 26828 --- [integradorspringboot] [main] .s.d.r.c.RepositoryConfigurationDelegate : Bootstrapping Spring Data JPA repositories in DEFAULT mode.
2025-06-10T04:51:10.047-05:00  INFO 26828 --- [integradorspringboot] [main] .s.d.r.c.RepositoryConfigurationDelegate : Finished Spring Data repository scanning in 71 ms. Found 5 JPA repository interfaces.
2025-06-10T04:51:10.594-05:00  INFO 26828 --- [integradorspringboot] [main] o.s.b.w.embedded.tomcat.TomcatWebServer  : Tomcat initialized with port 8081 (http)
2025-06-10T04:51:10.600-05:00  INFO 26828 --- [integradorspringboot] [main] o.apache.catalina.core.StandardService   : Starting service [Tomcat]
2025-06-10T04:51:10.600-05:00  INFO 26828 --- [integradorspringboot] [main] o.apache.catalina.core.StandardEngine    : Starting Servlet engine: [Apache Tomcat/10.1.20]
2025-06-10T04:51:10.640-05:00  INFO 26828 --- [integradorspringboot] [main] o.a.c.c.C.[Tomcat].[localhost].[/]       : Initializing Spring embedded WebApplicationContext
2025-06-10T04:51:10.640-05:00  INFO 26828 --- [integradorspringboot] [main] w.s.c.ServletWebServerApplicationContext : Root WebApplicationContext: initialization completed in 1256 ms
2025-06-10T04:51:10.791-05:00  INFO 26828 --- [integradorspringboot] [main] o.hibernate.jpa.internal.util.LogHelper  : HHH000204: Processing PersistenceUnitInfo [name: default]
2025-06-10T04:51:10.833-05:00  INFO 26828 --- [integradorspringboot] [main] org.hibernate.Version                    : HHH000412: Hibernate ORM core version 6.4.4.Final
2025-06-10T04:51:10.887-05:00  INFO 26828 --- [integradorspringboot] [main] o.h.c.internal.RegionFactoryInitiator    : HHH000026: Second-level cache disabled
2025-06-10T04:51:11.075-05:00  INFO 26828 --- [integradorspringboot] [main] o.s.o.j.p.SpringPersistenceUnitInfo      : No LoadTimeWeaver setup: ignoring JPA class transformer
2025-06-10T04:51:11.101-05:00  INFO 26828 --- [integradorspringboot] [main] com.zaxxer.hikari.HikariDataSource       : HikariPool-1 - Starting...
2025-06-10T04:51:11.224-05:00  INFO 26828 --- [integradorspringboot] [main] com.zaxxer.hikari.pool.HikariPool        : HikariPool-1 - Added connection com.mysql.cj.jdbc.ConnectionImpl@6f289728
2025-06-10T04:51:11.226-05:00  INFO 26828 --- [integradorspringboot] [main] com.zaxxer.hikari.HikariDataSource       : HikariPool-1 - Start completed.
2025-06-10T04:51:11.262-05:00  WARN 26828 --- [integradorspringboot] [main] org.hibernate.dialect.Dialect            : HHH000511: The 5.5.0 version for [org.hibernate.dialect.MySQLDialect] is no longer supported, hence certain features may not work properly. The minimum supported version is 8.0.0. Check the community dialects project for available legacy versions.
2025-06-10T04:51:11.867-05:00  INFO 26828 --- [integradorspringboot] [main] o.h.e.t.j.p.i.JtaPlatformInitiator       : HHH000489: No JTA platform available (set 'hibernate.transaction.jta.platform' to enable JTA platform integration)
2025-06-10T04:51:11.870-05:00  INFO 26828 --- [integradorspringboot] [main] j.LocalContainerEntityManagerFactoryBean : Initialized JPA EntityManagerFactory for persistence unit 'default'
2025-06-10T04:51:11.875-05:00  INFO 26828 --- [integradorspringboot] [main] f.a.AutowiredAnnotationBeanPostProcessor : Autowired annotation should only be used on methods with parameters: public java.lang.String com.utp.integradorspringboot.AlumnosController.page()
2025-06-10T04:51:12.188-05:00  INFO 26828 --- [integradorspringboot] [main] f.a.AutowiredAnnotationBeanPostProcessor : Autowired annotation should only be used on methods with parameters: public java.lang.String com.utp.integradorspringboot.ClientesController.page()
2025-06-10T04:51:12.211-05:00  INFO 26828 --- [integradorspringboot] [main] f.a.AutowiredAnnotationBeanPostProcessor : Autowired annotation should only be used on methods with parameters: public java.lang.String com.utp.integradorspringboot.PersonasController.page()
2025-06-10T04:51:12.212-05:00  INFO 26828 --- [integradorspringboot] [main] f.a.AutowiredAnnotationBeanPostProcessor : Autowired annotation should only be used on methods with parameters: public java.lang.String com.utp.integradorspringboot.ProfesoresController.page()
2025-06-10T04:51:12.212-05:00  INFO 26828 --- [integradorspringboot] [main] f.a.AutowiredAnnotationBeanPostProcessor : Autowired annotation should only be used on methods with parameters: public java.lang.String com.utp.integradorspringboot.SedesController.page()
2025-06-10T04:51:12.255-05:00  WARN 26828 --- [integradorspringboot] [main] JpaBaseConfiguration$JpaWebConfiguration : spring.jpa.open-in-view is enabled by default. Therefore, database queries may be performed during view rendering. Explicitly configure spring.jpa.open-in-view to disable this warning
2025-06-10T04:51:12.285-05:00  INFO 26828 --- [integradorspringboot] [main] o.s.b.a.w.s.WelcomePageHandlerMapping    : Adding welcome page: class path resource [static/index.html]
2025-06-10T04:51:12.676-05:00  INFO 26828 --- [integradorspringboot] [main] o.s.b.w.embedded.tomcat.TomcatWebServer  : Tomcat started on port 8081 (http) with context path ''
2025-06-10T04:51:12.685-05:00  INFO 26828 --- [integradorspringboot] [main] c.u.i.IntegradorspringbootApplication    : Started IntegradorspringbootApplication in 3.92 seconds (process running for 4.204)
2025-06-10T04:51:17.774-05:00  INFO 26828 --- [integradorspringboot] [http-nio-8081-exec-1] o.a.c.c.C.[Tomcat].[localhost].[/]       : Initializing Spring DispatcherServlet 'dispatcherServlet'
2025-06-10T04:51:17.775-05:00  INFO 26828 --- [integradorspringboot] [http-nio-8081-exec-1] o.s.web.servlet.DispatcherServlet        : Initializing Servlet 'dispatcherServlet'
2025-06-10T04:51:17.779-05:00  INFO 26828 --- [integradorspringboot] [http-nio-8081-exec-1] o.s.web.servlet.DispatcherServlet        : Completed initialization in 3 ms
2025-06-10T04:51:32.837-05:00  WARN 26828 --- [integradorspringboot] [http-nio-8081-exec-1] n.n.u.t.e.ExpressionProcessor            : Fragment expression "_layout" is being wrapped as a Thymeleaf 3 fragment expression (~{...}) for backwards compatibility purposes.  This wrapping will be dropped in the next major version of the expression processor, so please rewrite as a Thymeleaf 3 fragment expression to future-proof your code.  See https://github.com/thymeleaf/thymeleaf/issues/451 for more information.
